# JRE version: OpenJDK Runtime Environment Temurin-21.0.10+7 (21.0.10+7) (build 21.0.10+7-LTS)
# Java VM: OpenJDK 64-Bit Server VM Temurin-21.0.10+7 (21.0.10+7-LTS, mixed mode, sharing, tiered, compressed oops, compressed class ptrs, parallel gc, windows-amd64)
GC Precious Log:
 CardTable entry size: 512
 CPUs: 12 total, 12 available
 Memory: 16108M
 Large Page Support: Disabled
 NUMA Support: Disabled
 Compressed Oops: Enabled (32-bit)
 Alignments: Space 512K, Generation 512K, Heap 2M
 Heap Min Capacity: 100M
 Heap Initial Capacity: 100M
 Heap Max Capacity: 2G
 Pre-touch: Disabled
 Parallel Workers: 10
Heap:
 PSYoungGen      total 7168K, used 827K [0x00000000d5580000, 0x00000000d5d80000, 0x0000000100000000)
  eden space 6144K, 4% used [0x00000000d5580000,0x00000000d55bef70,0x00000000d5b80000)
  from space 1024K, 56% used [0x00000000d5b80000,0x00000000d5c10020,0x00000000d5c80000)
  to   space 1024K, 0% used [0x00000000d5c80000,0x00000000d5c80000,0x00000000d5d80000)
 ParOldGen       total 511488K, used 511208K [0x0000000080000000, 0x000000009f380000, 0x00000000d5580000)
  object space 511488K, 99% used [0x0000000080000000,0x000000009f33a230,0x000000009f380000)
 Metaspace       used 71179K, committed 72704K, reserved 1114112K
  class space    used 7548K, committed 8192K, reserved 1048576K
GC Heap History (20 events):
Event: 2894.151 GC heap before
{Heap before GC invocations=784 (full 3):
 PSYoungGen      total 6656K, used 6528K [0x00000000d5580000, 0x00000000d5d00000, 0x0000000100000000)
  eden space 6144K, 100% used [0x00000000d5580000,0x00000000d5b80000,0x00000000d5b80000)
  from space 512K, 75% used [0x00000000d5c80000,0x00000000d5ce0000,0x00000000d5d00000)
  to   space 512K, 0% used [0x00000000d5c00000,0x00000000d5c00000,0x00000000d5c80000)
 ParOldGen       total 506368K, used 506079K [0x0000000080000000, 0x000000009ee80000, 0x00000000d5580000)
  object space 506368K, 99% used [0x0000000080000000,0x000000009ee37fe0,0x000000009ee80000)
 Metaspace       used 69009K, committed 70464K, reserved 1114112K
  class space    used 7349K, committed 8000K, reserved 1048576K
}
Event: 2894.152 GC heap after
{Heap after GC invocations=784 (full 3):
 PSYoungGen      total 6656K, used 383K [0x00000000d5580000, 0x00000000d5d00000, 0x0000000100000000)
  eden space 6144K, 0% used [0x00000000d5580000,0x00000000d5580000,0x00000000d5b80000)
  from space 512K, 74% used [0x00000000d5c00000,0x00000000d5c5ff70,0x00000000d5c80000)
  to   space 512K, 0% used [0x00000000d5c80000,0x00000000d5c80000,0x00000000d5d00000)
 ParOldGen       total 506368K, used 506247K [0x0000000080000000, 0x000000009ee80000, 0x00000000d5580000)
  object space 506368K, 99% used [0x0000000080000000,0x000000009ee61c90,0x000000009ee80000)
 Metaspace       used 69009K, committed 70464K, reserved 1114112K
  class space    used 7349K, committed 8000K, reserved 1048576K
}
Event: 2894.232 GC heap before
{Heap before GC invocations=785 (full 3):
 PSYoungGen      total 6656K, used 6527K [0x00000000d5580000, 0x00000000d5d00000, 0x0000000100000000)
  eden space 6144K, 100% used [0x00000000d5580000,0x00000000d5b80000,0x00000000d5b80000)
  from space 512K, 74% used [0x00000000d5c00000,0x00000000d5c5ff70,0x00000000d5c80000)
  to   space 512K, 0% used [0x00000000d5c80000,0x00000000d5c80000,0x00000000d5d00000)
 ParOldGen       total 506368K, used 506247K [0x0000000080000000, 0x000000009ee80000, 0x00000000d5580000)
  object space 506368K, 99% used [0x0000000080000000,0x000000009ee61c90,0x000000009ee80000)
 Metaspace       used 69336K, committed 70784K, reserved 1114112K
  class space    used 7399K, committed 8064K, reserved 1048576K
}
Event: 2894.235 GC heap after
{Heap after GC invocations=785 (full 3):
 PSYoungGen      total 6656K, used 506K [0x00000000d5580000, 0x00000000d5d80000, 0x0000000100000000)
  eden space 6144K, 0% used [0x00000000d5580000,0x00000000d5580000,0x00000000d5b80000)
  from space 512K, 98% used [0x00000000d5c80000,0x00000000d5cfeaa0,0x00000000d5d00000)
  to   space 1024K, 0% used [0x00000000d5b80000,0x00000000d5b80000,0x00000000d5c80000)
 ParOldGen       total 506880K, used 506555K [0x0000000080000000, 0x000000009ef00000, 0x00000000d5580000)
  object space 506880K, 99% used [0x0000000080000000,0x000000009eeaec20,0x000000009ef00000)
 Metaspace       used 69336K, committed 70784K, reserved 1114112K
  class space    used 7399K, committed 8064K, reserved 1048576K
}
Event: 2894.287 GC heap before
{Heap before GC invocations=786 (full 3):
 PSYoungGen      total 6656K, used 6650K [0x00000000d5580000, 0x00000000d5d80000, 0x0000000100000000)
  eden space 6144K, 100% used [0x00000000d5580000,0x00000000d5b80000,0x00000000d5b80000)
  from space 512K, 98% used [0x00000000d5c80000,0x00000000d5cfeaa0,0x00000000d5d00000)
  to   space 1024K, 0% used [0x00000000d5b80000,0x00000000d5b80000,0x00000000d5c80000)
 ParOldGen       total 506880K, used 506555K [0x0000000080000000, 0x000000009ef00000, 0x00000000d5580000)
  object space 506880K, 99% used [0x0000000080000000,0x000000009eeaec20,0x000000009ef00000)
 Metaspace       used 69513K, committed 70976K, reserved 1114112K
  class space    used 7416K, committed 8064K, reserved 1048576K
}
Event: 2894.289 GC heap after
{Heap after GC invocations=786 (full 3):
 PSYoungGen      total 7168K, used 720K [0x00000000d5580000, 0x00000000d5d80000, 0x0000000100000000)
  eden space 6144K, 0% used [0x00000000d5580000,0x00000000d5580000,0x00000000d5b80000)
  from space 1024K, 70% used [0x00000000d5b80000,0x00000000d5c34010,0x00000000d5c80000)
  to   space 1024K, 0% used [0x00000000d5c80000,0x00000000d5c80000,0x00000000d5d80000)
 ParOldGen       total 507392K, used 507002K [0x0000000080000000, 0x000000009ef80000, 0x00000000d5580000)
  object space 507392K, 99% used [0x0000000080000000,0x000000009ef1ea00,0x000000009ef80000)
 Metaspace       used 69513K, committed 70976K, reserved 1114112K
  class space    used 7416K, committed 8064K, reserved 1048576K
}
Event: 2894.328 GC heap before
{Heap before GC invocations=787 (full 3):
 PSYoungGen      total 7168K, used 6864K [0x00000000d5580000, 0x00000000d5d80000, 0x0000000100000000)
  eden space 6144K, 100% used [0x00000000d5580000,0x00000000d5b80000,0x00000000d5b80000)
  from space 1024K, 70% used [0x00000000d5b80000,0x00000000d5c34010,0x00000000d5c80000)
  to   space 1024K, 0% used [0x00000000d5c80000,0x00000000d5c80000,0x00000000d5d80000)
 ParOldGen       total 507392K, used 507002K [0x0000000080000000, 0x000000009ef80000, 0x00000000d5580000)
  object space 507392K, 99% used [0x0000000080000000,0x000000009ef1ea00,0x000000009ef80000)
 Metaspace       used 69622K, committed 71040K, reserved 1114112K
  class space    used 7417K, committed 8064K, reserved 1048576K
}
Event: 2894.330 GC heap after
{Heap after GC invocations=787 (full 3):
 PSYoungGen      total 7168K, used 480K [0x00000000d5580000, 0x00000000d5d80000, 0x0000000100000000)
  eden space 6144K, 0% used [0x00000000d5580000,0x00000000d5580000,0x00000000d5b80000)
  from space 1024K, 46% used [0x00000000d5c80000,0x00000000d5cf8000,0x00000000d5d80000)
  to   space 1024K, 0% used [0x00000000d5b80000,0x00000000d5b80000,0x00000000d5c80000)
 ParOldGen       total 507904K, used 507564K [0x0000000080000000, 0x000000009f000000, 0x00000000d5580000)
  object space 507904K, 99% used [0x0000000080000000,0x000000009efab0a0,0x000000009f000000)
 Metaspace       used 69622K, committed 71040K, reserved 1114112K
  class space    used 7417K, committed 8064K, reserved 1048576K
}
Event: 2894.357 GC heap before
{Heap before GC invocations=788 (full 3):
 PSYoungGen      total 7168K, used 6624K [0x00000000d5580000, 0x00000000d5d80000, 0x0000000100000000)
  eden space 6144K, 100% used [0x00000000d5580000,0x00000000d5b80000,0x00000000d5b80000)
  from space 1024K, 46% used [0x00000000d5c80000,0x00000000d5cf8000,0x00000000d5d80000)
  to   space 1024K, 0% used [0x00000000d5b80000,0x00000000d5b80000,0x00000000d5c80000)
 ParOldGen       total 507904K, used 507564K [0x0000000080000000, 0x000000009f000000, 0x00000000d5580000)
  object space 507904K, 99% used [0x0000000080000000,0x000000009efab0a0,0x000000009f000000)
 Metaspace       used 69653K, committed 71104K, reserved 1114112K
  class space    used 7418K, committed 8064K, reserved 1048576K
}
Event: 2894.359 GC heap after
{Heap after GC invocations=788 (full 3):
 PSYoungGen      total 7168K, used 480K [0x00000000d5580000, 0x00000000d5d00000, 0x0000000100000000)
  eden space 6144K, 0% used [0x00000000d5580000,0x00000000d5580000,0x00000000d5b80000)
  from space 1024K, 46% used [0x00000000d5b80000,0x00000000d5bf8000,0x00000000d5c80000)
  to   space 512K, 0% used [0x00000000d5c80000,0x00000000d5c80000,0x00000000d5d00000)
 ParOldGen       total 508416K, used 507948K [0x0000000080000000, 0x000000009f080000, 0x00000000d5580000)
  object space 508416K, 99% used [0x0000000080000000,0x000000009f00b0a0,0x000000009f080000)
 Metaspace       used 69653K, committed 71104K, reserved 1114112K
  class space    used 7418K, committed 8064K, reserved 1048576K
}
Event: 2894.423 GC heap before
{Heap before GC invocations=789 (full 3):
 PSYoungGen      total 7168K, used 6624K [0x00000000d5580000, 0x00000000d5d00000, 0x0000000100000000)
  eden space 6144K, 100% used [0x00000000d5580000,0x00000000d5b80000,0x00000000d5b80000)
  from space 1024K, 46% used [0x00000000d5b80000,0x00000000d5bf8000,0x00000000d5c80000)
  to   space 512K, 0% used [0x00000000d5c80000,0x00000000d5c80000,0x00000000d5d00000)
 ParOldGen       total 508416K, used 507948K [0x0000000080000000, 0x000000009f080000, 0x00000000d5580000)
  object space 508416K, 99% used [0x0000000080000000,0x000000009f00b0a0,0x000000009f080000)
 Metaspace       used 70045K, committed 71552K, reserved 1114112K
  class space    used 7451K, committed 8128K, reserved 1048576K
}
Event: 2894.425 GC heap after
{Heap after GC invocations=789 (full 3):
 PSYoungGen      total 6656K, used 416K [0x00000000d5580000, 0x00000000d5d00000, 0x0000000100000000)
  eden space 6144K, 0% used [0x00000000d5580000,0x00000000d5580000,0x00000000d5b80000)
  from space 512K, 81% used [0x00000000d5c80000,0x00000000d5ce8000,0x00000000d5d00000)
  to   space 512K, 0% used [0x00000000d5c00000,0x00000000d5c00000,0x00000000d5c80000)
 ParOldGen       total 508416K, used 508292K [0x0000000080000000, 0x000000009f080000, 0x00000000d5580000)
  object space 508416K, 99% used [0x0000000080000000,0x000000009f0610b0,0x000000009f080000)
 Metaspace       used 70045K, committed 71552K, reserved 1114112K
  class space    used 7451K, committed 8128K, reserved 1048576K
}
Event: 2894.480 GC heap before
{Heap before GC invocations=790 (full 3):
 PSYoungGen      total 6656K, used 6560K [0x00000000d5580000, 0x00000000d5d00000, 0x0000000100000000)
  eden space 6144K, 100% used [0x00000000d5580000,0x00000000d5b80000,0x00000000d5b80000)
  from space 512K, 81% used [0x00000000d5c80000,0x00000000d5ce8000,0x00000000d5d00000)
  to   space 512K, 0% used [0x00000000d5c00000,0x00000000d5c00000,0x00000000d5c80000)
 ParOldGen       total 508416K, used 508292K [0x0000000080000000, 0x000000009f080000, 0x00000000d5580000)
  object space 508416K, 99% used [0x0000000080000000,0x000000009f0610b0,0x000000009f080000)
 Metaspace       used 70209K, committed 71680K, reserved 1114112K
  class space    used 7460K, committed 8128K, reserved 1048576K
}
Event: 2894.483 GC heap after
{Heap after GC invocations=790 (full 3):
 PSYoungGen      total 6656K, used 512K [0x00000000d5580000, 0x00000000d5e80000, 0x0000000100000000)
  eden space 6144K, 0% used [0x00000000d5580000,0x00000000d5580000,0x00000000d5b80000)
  from space 512K, 100% used [0x00000000d5c00000,0x00000000d5c80000,0x00000000d5c80000)
  to   space 1536K, 0% used [0x00000000d5d00000,0x00000000d5d00000,0x00000000d5e80000)
 ParOldGen       total 508928K, used 508892K [0x0000000080000000, 0x000000009f100000, 0x00000000d5580000)
  object space 508928K, 99% used [0x0000000080000000,0x000000009f0f70b0,0x000000009f100000)
 Metaspace       used 70209K, committed 71680K, reserved 1114112K
  class space    used 7460K, committed 8128K, reserved 1048576K
}
Event: 2894.616 GC heap before
{Heap before GC invocations=791 (full 3):
 PSYoungGen      total 6656K, used 6656K [0x00000000d5580000, 0x00000000d5e80000, 0x0000000100000000)
  eden space 6144K, 100% used [0x00000000d5580000,0x00000000d5b80000,0x00000000d5b80000)
  from space 512K, 100% used [0x00000000d5c00000,0x00000000d5c80000,0x00000000d5c80000)
  to   space 1536K, 0% used [0x00000000d5d00000,0x00000000d5d00000,0x00000000d5e80000)
 ParOldGen       total 508928K, used 508892K [0x0000000080000000, 0x000000009f100000, 0x00000000d5580000)
  object space 508928K, 99% used [0x0000000080000000,0x000000009f0f70b0,0x000000009f100000)
 Metaspace       used 70477K, committed 72000K, reserved 1114112K
  class space    used 7493K, committed 8128K, reserved 1048576K
}
Event: 2894.617 GC heap after
{Heap after GC invocations=791 (full 3):
 PSYoungGen      total 7168K, used 672K [0x00000000d5580000, 0x00000000d5e00000, 0x0000000100000000)
  eden space 6144K, 0% used [0x00000000d5580000,0x00000000d5580000,0x00000000d5b80000)
  from space 1024K, 65% used [0x00000000d5d00000,0x00000000d5da8000,0x00000000d5e00000)
  to   space 1024K, 0% used [0x00000000d5c00000,0x00000000d5c00000,0x00000000d5d00000)
 ParOldGen       total 509952K, used 509453K [0x0000000080000000, 0x000000009f200000, 0x00000000d5580000)
  object space 509952K, 99% used [0x0000000080000000,0x000000009f183770,0x000000009f200000)
 Metaspace       used 70477K, committed 72000K, reserved 1114112K
  class space    used 7493K, committed 8128K, reserved 1048576K
}
Event: 2894.668 GC heap before
{Heap before GC invocations=792 (full 3):
 PSYoungGen      total 7168K, used 6816K [0x00000000d5580000, 0x00000000d5e00000, 0x0000000100000000)
  eden space 6144K, 100% used [0x00000000d5580000,0x00000000d5b80000,0x00000000d5b80000)
  from space 1024K, 65% used [0x00000000d5d00000,0x00000000d5da8000,0x00000000d5e00000)
  to   space 1024K, 0% used [0x00000000d5c00000,0x00000000d5c00000,0x00000000d5d00000)
 ParOldGen       total 509952K, used 509453K [0x0000000080000000, 0x000000009f200000, 0x00000000d5580000)
  object space 509952K, 99% used [0x0000000080000000,0x000000009f183770,0x000000009f200000)
 Metaspace       used 70637K, committed 72256K, reserved 1114112K
  class space    used 7505K, committed 8192K, reserved 1048576K
}
Event: 2894.670 GC heap after
{Heap after GC invocations=792 (full 3):
 PSYoungGen      total 7168K, used 900K [0x00000000d5580000, 0x00000000d5d80000, 0x0000000100000000)
  eden space 6144K, 0% used [0x00000000d5580000,0x00000000d5580000,0x00000000d5b80000)
  from space 1024K, 87% used [0x00000000d5c00000,0x00000000d5ce13d0,0x00000000d5d00000)
  to   space 512K, 0% used [0x00000000d5d00000,0x00000000d5d00000,0x00000000d5d80000)
 ParOldGen       total 509952K, used 509945K [0x0000000080000000, 0x000000009f200000, 0x00000000d5580000)
  object space 509952K, 99% used [0x0000000080000000,0x000000009f1fe560,0x000000009f200000)
 Metaspace       used 70637K, committed 72256K, reserved 1114112K
  class space    used 7505K, committed 8192K, reserved 1048576K
}
Event: 2894.722 GC heap before
{Heap before GC invocations=793 (full 3):
 PSYoungGen      total 7168K, used 7044K [0x00000000d5580000, 0x00000000d5d80000, 0x0000000100000000)
  eden space 6144K, 100% used [0x00000000d5580000,0x00000000d5b80000,0x00000000d5b80000)
  from space 1024K, 87% used [0x00000000d5c00000,0x00000000d5ce13d0,0x00000000d5d00000)
  to   space 512K, 0% used [0x00000000d5d00000,0x00000000d5d00000,0x00000000d5d80000)
 ParOldGen       total 509952K, used 509945K [0x0000000080000000, 0x000000009f200000, 0x00000000d5580000)
  object space 509952K, 99% used [0x0000000080000000,0x000000009f1fe560,0x000000009f200000)
 Metaspace       used 70741K, committed 72320K, reserved 1114112K
  class space    used 7505K, committed 8192K, reserved 1048576K
}
Event: 2894.724 GC heap after
{Heap after GC invocations=793 (full 3):
 PSYoungGen      total 6656K, used 512K [0x00000000d5580000, 0x00000000d5e80000, 0x0000000100000000)
  eden space 6144K, 0% used [0x00000000d5580000,0x00000000d5580000,0x00000000d5b80000)
  from space 512K, 100% used [0x00000000d5d00000,0x00000000d5d80000,0x00000000d5d80000)
  to   space 1536K, 0% used [0x00000000d5b80000,0x00000000d5b80000,0x00000000d5d00000)
 ParOldGen       total 510976K, used 510768K [0x0000000080000000, 0x000000009f300000, 0x00000000d5580000)
  object space 510976K, 99% used [0x0000000080000000,0x000000009f2cc230,0x000000009f300000)
 Metaspace       used 70741K, committed 72320K, reserved 1114112K
  class space    used 7505K, committed 8192K, reserved 1048576K
}

